jokes/proguard-project.txt
# To enable ProGuard in your project, edit project.properties
# to define the proguard.config property as described in that file.
#
# Add project specific ProGuard rules here.
# By default, the flags in this file are appended to flags specified
# in ${sdk.dir}/tools/proguard/proguard-android.txt
# You can edit the include path and order by changing the ProGuard
# include property in project.properties.
#
# For more details, see
#   http://developer.android.com/guide/developing/tools/proguard.html

# Add any project specific keep options here:

# If your project uses WebView with JS, uncomment the following
# and specify the fully qualified class name to the JavaScript interface
# class:
#-keepclassmembers class fqcn.of.javascript.interface.for.webview {
#   public *;
#}

-ignorewarnings
-libraryjars libs/fastjson-1.1.27-android.jar
# -libraryjars libs/OcSDK4.1.3_R.jar

# -keepattributes Signature,InnerClasses,*Annotation*
-keepattributes Signature,*Annotation*

-optimizationpasses 5
-dontusemixedcaseclassnames
-dontskipnonpubliclibraryclasses
-dontpreverify
-verbose
-dontwarn
-dontskipnonpubliclibraryclassmembers
-optimizations !code/simplification/arithmetic,!field/*,!class/merging/*

# 目前系统不检查的第三方库
-dontwarn android.support.**

-keep public class * extends android.app.Activity
-keep public class * extends android.app.Application
-keep public class * extends android.app.Service
-keep public class * extends android.content.BroadcastReceiver
-keep public class * extends android.content.ContentProvider
-keep public class * extends android.app.backup.BackupAgentHelper
-keep public class * extends android.preference.Preference
-keep public class com.android.vending.licensing.ILicensingService

-keepclasseswithmembernames class * {
	native <methods>;
}

-keepclasseswithmembers class * {
	public <init>(android.content.Context, android.util.AttributeSet);
}

-keepclasseswithmembers class * {
	public <init>(android.content.Context, android.util.AttributeSet, int);
}

-keepclassmembers class * extends android.app.Activity {
	public void *(android.view.View);
}

-keepclassmembers class * extends android.support.v4.app.Fragment {
	public void *(android.view.View);
}

-keepclassmembers enum * {
	public static **[] values();
	public static ** valueOf(java.lang.String);
}

-keep class * implements android.os.Parcelable {
	public static final android.os.Parcelable$Creator *;
}

-keepclassmembers class **.R$* {
    public static <fields>;
}

-keep class * implements java.io.Serializable

-keep class * extends java.lang.annotation.Annotation { *; }

-keep class com.ly.duan.bean.** { *; }

-keep class pl.droidsonroids.gif.** { *; }

# -keep class com.o.**{*;}