jokes/proguard/seeds.txt
com.sjm.gxdz.R$anim: int fade_in
com.sjm.gxdz.R$anim: int fade_out
com.sjm.gxdz.R$anim: int popup_enter
com.sjm.gxdz.R$anim: int popup_exit
com.sjm.gxdz.R$anim: int push_left_in
com.sjm.gxdz.R$anim: int push_left_out
com.sjm.gxdz.R$anim: int push_right_in
com.sjm.gxdz.R$anim: int push_right_out
com.sjm.gxdz.R$anim: int rotate_clockwise
com.sjm.gxdz.R$anim: int unzoom_in
com.sjm.gxdz.R$anim: int unzoom_out
com.sjm.gxdz.R$attr: int activeColor
com.sjm.gxdz.R$attr: int activeRadius
com.sjm.gxdz.R$attr: int activeType
com.sjm.gxdz.R$attr: int barColor
com.sjm.gxdz.R$attr: int barLength
com.sjm.gxdz.R$attr: int barWidth
com.sjm.gxdz.R$attr: int centered
com.sjm.gxdz.R$attr: int circleColor
com.sjm.gxdz.R$attr: int circleSeparation
com.sjm.gxdz.R$attr: int circle_radius
com.sjm.gxdz.R$attr: int contourColor
com.sjm.gxdz.R$attr: int contourSize
com.sjm.gxdz.R$attr: int delayMillis
com.sjm.gxdz.R$attr: int fadeOut
com.sjm.gxdz.R$attr: int inactiveColor
com.sjm.gxdz.R$attr: int inactiveType
com.sjm.gxdz.R$attr: int isAutoLoadOnBottom
com.sjm.gxdz.R$attr: int isDropDownStyle
com.sjm.gxdz.R$attr: int isOnBottomStyle
com.sjm.gxdz.R$attr: int radius
com.sjm.gxdz.R$attr: int rimColor
com.sjm.gxdz.R$attr: int rimWidth
com.sjm.gxdz.R$attr: int sidebuffer
com.sjm.gxdz.R$attr: int spinSpeed
com.sjm.gxdz.R$attr: int text
com.sjm.gxdz.R$attr: int textColor
com.sjm.gxdz.R$attr: int textSize
com.sjm.gxdz.R$color: int black
com.sjm.gxdz.R$color: int drop_down_list_footer_font_color
com.sjm.gxdz.R$color: int drop_down_list_header_font_color
com.sjm.gxdz.R$color: int drop_down_list_header_second_font_color
com.sjm.gxdz.R$color: int drop_item_content_color
com.sjm.gxdz.R$color: int drop_item_nick_color
com.sjm.gxdz.R$color: int frag_bg_color
com.sjm.gxdz.R$color: int line_bg_color
com.sjm.gxdz.R$color: int nav_bg_color
com.sjm.gxdz.R$color: int nav_center_color
com.sjm.gxdz.R$color: int num_tv_selector
com.sjm.gxdz.R$color: int send_focus_color
com.sjm.gxdz.R$color: int send_unfocus_color
com.sjm.gxdz.R$color: int up_down_focus_color
com.sjm.gxdz.R$color: int up_down_unfocus_color
com.sjm.gxdz.R$color: int white
com.sjm.gxdz.R$dimen: int drop_down_list_footer_button_height
com.sjm.gxdz.R$dimen: int drop_down_list_footer_button_margin_left
com.sjm.gxdz.R$dimen: int drop_down_list_footer_progress_bar_height
com.sjm.gxdz.R$dimen: int drop_down_list_header_padding_bottom
com.sjm.gxdz.R$dimen: int drop_down_list_header_padding_top
com.sjm.gxdz.R$dimen: int drop_down_list_header_progress_bar_height
com.sjm.gxdz.R$dimen: int drop_down_list_header_release_min_distance
com.sjm.gxdz.R$dimen: int drop_item_content_size
com.sjm.gxdz.R$dimen: int drop_item_left_margin
com.sjm.gxdz.R$dimen: int drop_item_nick_size
com.sjm.gxdz.R$dimen: int drop_item_right_margin
com.sjm.gxdz.R$dimen: int frag3_tb_margin
com.sjm.gxdz.R$dimen: int frag3_tv_margin
com.sjm.gxdz.R$dimen: int iv_height
com.sjm.gxdz.R$dimen: int iv_width
com.sjm.gxdz.R$dimen: int line_width
com.sjm.gxdz.R$dimen: int nav_center_size
com.sjm.gxdz.R$dimen: int nav_height
...
com.ly.duan.view.ProgressWheel
com.ly.duan.view.ProgressWheel: ProgressWheel(android.content.Context,android.util.AttributeSet)
com.ly.duan.view.ProgressWheel: void setProgress(int)
com.ly.duan.view.ProgressWheel: void setText(java.lang.String)
com.ly.duan.view.ProgressWheel: int getCircleRadius()
com.ly.duan.view.ProgressWheel: void setCircleRadius(int)
com.ly.duan.view.ProgressWheel: int getBarLength()
com.ly.duan.view.ProgressWheel: void setBarLength(int)
com.ly.duan.view.ProgressWheel: int getBarWidth()
com.ly.duan.view.ProgressWheel: void setBarWidth(int)
com.ly.duan.view.ProgressWheel: int getTextSize()
com.ly.duan.view.ProgressWheel: void setTextSize(int)
com.ly.duan.view.ProgressWheel: int getPaddingTop()
com.ly.duan.view.ProgressWheel: void setPaddingTop(int)
com.ly.duan.view.ProgressWheel: int getPaddingBottom()
com.ly.duan.view.ProgressWheel: void setPaddingBottom(int)
com.ly.duan.view.ProgressWheel: int getPaddingLeft()
com.ly.duan.view.ProgressWheel: void setPaddingLeft(int)
com.ly.duan.view.ProgressWheel: int getPaddingRight()
com.ly.duan.view.ProgressWheel: void setPaddingRight(int)
com.ly.duan.view.ProgressWheel: int getBarColor()
com.ly.duan.view.ProgressWheel: void setBarColor(int)
com.ly.duan.view.ProgressWheel: int getCircleColor()
com.ly.duan.view.ProgressWheel: void setCircleColor(int)
com.ly.duan.view.ProgressWheel: int getRimColor()
com.ly.duan.view.ProgressWheel: void setRimColor(int)
com.ly.duan.view.TabMenu
com.ly.duan.view.TabMenu: TabMenu(android.content.Context,android.util.AttributeSet,int)
com.ly.duan.view.TabMenu: TabMenu(android.content.Context,android.util.AttributeSet)
com.ly.duan.view.ViewFlow
com.ly.duan.view.ViewFlow: ViewFlow(android.content.Context)
com.ly.duan.view.ViewFlow: ViewFlow(android.content.Context,int)
com.ly.duan.view.ViewFlow: ViewFlow(android.content.Context,android.util.AttributeSet)
com.ly.duan.view.ViewFlow: int getViewsCount()
com.ly.duan.view.ViewFlow: void setOnViewSwitchListener(com.ly.duan.view.ViewFlow$ViewSwitchListener)
com.ly.duan.view.ViewFlow: android.widget.Adapter getAdapter()
com.ly.duan.view.ViewFlow: void setAdapter(android.widget.Adapter)
com.ly.duan.view.ViewFlow: android.view.View getSelectedView()
com.ly.duan.view.ViewFlow: int getSelectedItemPosition()
com.ly.duan.view.ViewFlow: void setFlowIndicator(com.ly.duan.view.FlowIndicator)
com.ly.duan.view.ViewFlow: void setSelection(int)
com.ly.duan.view.ViewFlow: void setTimeSpan(long)
com.ly.duan.view.ViewFlow: void setmSideBuffer(int)
com.mozillaonline.providers.downloads.DownloadProvider
com.mozillaonline.providers.downloads.DownloadProvider: DownloadProvider()
com.mozillaonline.providers.downloads.DownloadReceiver
com.mozillaonline.providers.downloads.DownloadReceiver: DownloadReceiver()
com.mozillaonline.providers.downloads.DownloadService
com.mozillaonline.providers.downloads.DownloadService: DownloadService()
com.mozillaonline.providers.downloads.DownloadThread$RetryDownload
com.mozillaonline.providers.downloads.DownloadThread$StopRequest
com.mozillaonline.providers.downloads.Helpers$GenerateSaveFileError
pl.droidsonroids.gif.AnimationListener
pl.droidsonroids.gif.AnimationListener: void onAnimationCompleted()