jokes/proguard/mapping.txt
com.sjm.gxdz.R -> com.a.a.a:
com.sjm.gxdz.R$styleable -> com.a.a.b:
    int[] CircleFlowIndicator -> CircleFlowIndicator
    int CircleFlowIndicator_activeColor -> CircleFlowIndicator_activeColor
    int CircleFlowIndicator_activeRadius -> CircleFlowIndicator_activeRadius
    int CircleFlowIndicator_activeType -> CircleFlowIndicator_activeType
    int CircleFlowIndicator_centered -> CircleFlowIndicator_centered
    int CircleFlowIndicator_circleSeparation -> CircleFlowIndicator_circleSeparation
    int CircleFlowIndicator_circle_radius -> CircleFlowIndicator_circle_radius
    int CircleFlowIndicator_fadeOut -> CircleFlowIndicator_fadeOut
    int CircleFlowIndicator_inactiveColor -> CircleFlowIndicator_inactiveColor
    int CircleFlowIndicator_inactiveType -> CircleFlowIndicator_inactiveType
    int[] ProgressWheel -> ProgressWheel
    int ProgressWheel_barColor -> ProgressWheel_barColor
    int ProgressWheel_barLength -> ProgressWheel_barLength
    int ProgressWheel_barWidth -> ProgressWheel_barWidth
    int ProgressWheel_circleColor -> ProgressWheel_circleColor
    int ProgressWheel_contourColor -> ProgressWheel_contourColor
    int ProgressWheel_contourSize -> ProgressWheel_contourSize
    int ProgressWheel_delayMillis -> ProgressWheel_delayMillis
    int ProgressWheel_radius -> ProgressWheel_radius
    int ProgressWheel_rimColor -> ProgressWheel_rimColor
    int ProgressWheel_rimWidth -> ProgressWheel_rimWidth
    int ProgressWheel_spinSpeed -> ProgressWheel_spinSpeed
...
com.lidroid.xutils.view.annotation.PreferenceInject -> com.lidroid.xutils.view.annotation.PreferenceInject:
    java.lang.String value() -> value
com.lidroid.xutils.view.annotation.ResInject -> com.lidroid.xutils.view.annotation.ResInject:
    int id() -> id
    com.lidroid.xutils.view.ResType type() -> type
com.lidroid.xutils.view.annotation.ViewInject -> com.lidroid.xutils.view.annotation.ViewInject:
    int value() -> value
    int parentId() -> parentId
com.lidroid.xutils.view.annotation.event.EventBase -> com.lidroid.xutils.view.annotation.event.EventBase:
    java.lang.Class listenerType() -> listenerType
    java.lang.String listenerSetter() -> listenerSetter
    java.lang.String methodName() -> methodName
com.lidroid.xutils.view.annotation.event.OnChildClick -> com.lidroid.xutils.view.annotation.event.OnChildClick:
    int[] value() -> value
    int[] parentId() -> parentId
com.lidroid.xutils.view.annotation.event.OnClick -> com.lidroid.xutils.view.annotation.event.OnClick:
    int[] value() -> value
    int[] parentId() -> parentId
com.lidroid.xutils.view.annotation.event.OnCompoundButtonCheckedChange -> com.lidroid.xutils.view.annotation.event.OnCompoundButtonCheckedChange:
    int[] value() -> value
    int[] parentId() -> parentId
com.lidroid.xutils.view.annotation.event.OnFocusChange -> com.lidroid.xutils.view.annotation.event.OnFocusChange:
    int[] value() -> value
    int[] parentId() -> parentId
com.lidroid.xutils.view.annotation.event.OnGroupClick -> com.lidroid.xutils.view.annotation.event.OnGroupClick:
    int[] value() -> value
    int[] parentId() -> parentId
com.lidroid.xutils.view.annotation.event.OnGroupCollapse -> com.lidroid.xutils.view.annotation.event.OnGroupCollapse:
    int[] value() -> value
    int[] parentId() -> parentId
com.lidroid.xutils.view.annotation.event.OnGroupExpand -> com.lidroid.xutils.view.annotation.event.OnGroupExpand:
    int[] value() -> value
    int[] parentId() -> parentId
com.lidroid.xutils.view.annotation.event.OnItemClick -> com.lidroid.xutils.view.annotation.event.OnItemClick:
    int[] value() -> value
    int[] parentId() -> parentId
com.lidroid.xutils.view.annotation.event.OnItemLongClick -> com.lidroid.xutils.view.annotation.event.OnItemLongClick:
    int[] value() -> value
    int[] parentId() -> parentId
com.lidroid.xutils.view.annotation.event.OnItemSelected -> com.lidroid.xutils.view.annotation.event.OnItemSelected:
    int[] value() -> value
    int[] parentId() -> parentId
com.lidroid.xutils.view.annotation.event.OnKey -> com.lidroid.xutils.view.annotation.event.OnKey:
    int[] value() -> value
    int[] parentId() -> parentId
com.lidroid.xutils.view.annotation.event.OnLongClick -> com.lidroid.xutils.view.annotation.event.OnLongClick:
    int[] value() -> value
    int[] parentId() -> parentId
com.lidroid.xutils.view.annotation.event.OnNothingSelected -> com.lidroid.xutils.view.annotation.event.OnNothingSelected:
    int[] value() -> value
    int[] parentId() -> parentId
com.lidroid.xutils.view.annotation.event.OnPreferenceChange -> com.lidroid.xutils.view.annotation.event.OnPreferenceChange:
    java.lang.String[] value() -> value
com.lidroid.xutils.view.annotation.event.OnPreferenceClick -> com.lidroid.xutils.view.annotation.event.OnPreferenceClick:
    java.lang.String[] value() -> value
com.lidroid.xutils.view.annotation.event.OnProgressChanged -> com.lidroid.xutils.view.annotation.event.OnProgressChanged:
    int[] value() -> value
    int[] parentId() -> parentId
com.lidroid.xutils.view.annotation.event.OnRadioGroupCheckedChange -> com.lidroid.xutils.view.annotation.event.OnRadioGroupCheckedChange:
    int[] value() -> value
    int[] parentId() -> parentId
com.lidroid.xutils.view.annotation.event.OnScroll -> com.lidroid.xutils.view.annotation.event.OnScroll:
    int[] value() -> value
    int[] parentId() -> parentId