jokes/proguard/usage.txt
com.sjm.gxdz.BuildConfig
com.sjm.gxdz.Manifest
com.sjm.gxdz.Manifest$permission
com.sjm.gxdz.R:
    10:10:public R()
com.sjm.gxdz.R$anim
com.sjm.gxdz.R$attr
com.sjm.gxdz.R$color
com.sjm.gxdz.R$dimen
com.sjm.gxdz.R$drawable
com.sjm.gxdz.R$id
com.sjm.gxdz.R$layout
com.sjm.gxdz.R$menu
com.sjm.gxdz.R$string
com.sjm.gxdz.R$style
com.sjm.gxdz.R$styleable:
    706:706:public R$styleable()
...
com.lidroid.xutils.bitmap.BitmapCommonUtils:
    29:30:private BitmapCommonUtils()
com.lidroid.xutils.bitmap.BitmapDisplayConfig:
    54:55:public void setAnimation(android.view.animation.Animation)
    62:63:public void setLoadingDrawable(android.graphics.drawable.Drawable)
    70:71:public void setLoadFailedDrawable(android.graphics.drawable.Drawable)
    78:79:public void setAutoRotation(boolean)
    86:87:public void setShowOriginal(boolean)
    90:90:public android.graphics.Bitmap$Config getBitmapConfig()
    102:103:public void setBitmapFactory(com.lidroid.xutils.bitmap.factory.BitmapFactory)
    110:111:public void setPriority(com.lidroid.xutils.task.Priority)
com.lidroid.xutils.bitmap.BitmapGlobalConfig:
    public static final int MIN_MEMORY_CACHE_SIZE
    public static final int MIN_DISK_CACHE_SIZE
    private static final int DEFAULT_POOL_SIZE
    120:121:public void setDownloader(com.lidroid.xutils.bitmap.download.Downloader)
    128:129:public void setDefaultCacheExpiry(long)
    136:137:public void setDefaultConnectTimeout(int)
    144:145:public void setDefaultReadTimeout(int)
    159:167:public void setMemoryCacheSize(int)
    174:183:public void setMemCacheSizePercent(float)
    190:196:public void setDiskCacheSize(int)
    199:199:public int getThreadPoolSize()
    203:204:public void setThreadPoolSize(int)
    219:220:public void setMemoryCacheEnabled(boolean)
    227:228:public void setDiskCacheEnabled(boolean)
    235:239:public void setFileNameGenerator(com.lidroid.xutils.cache.FileNameGenerator)
    242:242:public com.lidroid.xutils.bitmap.BitmapCacheListener getBitmapCacheListener()
    246:247:public void setBitmapCacheListener(com.lidroid.xutils.bitmap.BitmapCacheListener)
    250:250:private int getMemoryClass()
    397:399:public void clearCache(java.lang.String)
    402:404:public void clearMemoryCache(java.lang.String)
    407:409:public void clearDiskCache(java.lang.String)
    412:414:public void flushCache()
    417:419:public void closeCache()
com.lidroid.xutils.bitmap.BitmapGlobalConfig$BitmapCacheManagementTask:
    public static final int MESSAGE_INIT_MEMORY_CACHE
    public static final int MESSAGE_INIT_DISK_CACHE
    public static final int MESSAGE_FLUSH
    public static final int MESSAGE_CLOSE
    public static final int MESSAGE_CLEAR
    public static final int MESSAGE_CLEAR_MEMORY
    public static final int MESSAGE_CLEAR_DISK
    public static final int MESSAGE_CLEAR_BY_KEY
    public static final int MESSAGE_CLEAR_MEMORY_BY_KEY
    public static final int MESSAGE_CLEAR_DISK_BY_KEY
com.lidroid.xutils.bitmap.PauseOnScrollListener
com.lidroid.xutils.bitmap.callback.BitmapLoadCallBack:
    82:83:public void setBitmapSetter(com.lidroid.xutils.bitmap.callback.BitmapSetter)
com.lidroid.xutils.bitmap.core.AsyncDrawable:
    21:27:public AsyncDrawable(android.graphics.drawable.Drawable,com.lidroid.xutils.BitmapUtils$BitmapLoadTask)
com.lidroid.xutils.bitmap.core.BitmapCache:
    121:124:public void setMemoryCacheSize(int)
    127:132:public void setDiskCacheSize(int)
    135:140:public void setDiskCacheFileNameGenerator(com.lidroid.xutils.cache.FileNameGenerator)